0 info it worked if it ends with ok
<<<<<<< HEAD
1 verbose cli [ '/usr/bin/nodejs', '/usr/bin/npm', 'start' ]
2 info using npm@3.10.10
3 info using node@v6.9.5
=======
1 verbose cli [ '/usr/local/bin/node', '/usr/local/bin/npm', 'start' ]
2 info using npm@3.10.3
3 info using node@v6.6.0
>>>>>>> 295e415a4c4a8cc73d8f3ca56e749b47965ebe07
4 verbose run-script [ 'prestart', 'start', 'poststart' ]
5 info lifecycle alist@0.0.0~prestart: alist@0.0.0
6 silly lifecycle alist@0.0.0~prestart: no script for prestart, continuing
7 info lifecycle alist@0.0.0~start: alist@0.0.0
8 verbose lifecycle alist@0.0.0~start: unsafe-perm in lifecycle true
<<<<<<< HEAD
9 verbose lifecycle alist@0.0.0~start: PATH: /usr/lib/node_modules/npm/bin/node-gyp-bin:/home/dep/www/alist/node_modules/.bin:/home/dep/.rvm/gems/ruby-2.2.1/bin:/home/dep/.rvm/gems/ruby-2.2.1@global/bin:/home/dep/.rvm/rubies/ruby-2.2.1/bin:/usr/local/sbin:/usr/local/bin:/usr/sbin:/usr/bin:/sbin:/bin:/usr/games:/usr/local/games:/home/dep/.rvm/bin:/home/dep/.rvm/bin
10 verbose lifecycle alist@0.0.0~start: CWD: /home/dep/www/alist
=======
9 verbose lifecycle alist@0.0.0~start: PATH: /usr/local/lib/node_modules/npm/bin/node-gyp-bin:/media/michael/Data/Development/NodeJS/alist/node_modules/.bin:/usr/local/bin:/usr/local/heroku/bin:/home/michael/.rvm/gems/ruby-2.2.1/bin:/home/michael/.rvm/gems/ruby-2.2.1@global/bin:/home/michael/.rvm/rubies/ruby-2.2.1/bin:/usr/local/heroku/bin:/usr/local/sbin:/usr/local/bin:/usr/sbin:/usr/bin:/sbin:/bin:/usr/games:/usr/local/games:/snap/bin:/home/michael/.rvm/bin:/snap/bin:/home/michael/.rvm/bin:/home/michael/.rvm/bin:/home/michael/.rvm/bin
10 verbose lifecycle alist@0.0.0~start: CWD: /media/michael/Data/Development/NodeJS/alist
>>>>>>> 295e415a4c4a8cc73d8f3ca56e749b47965ebe07
11 silly lifecycle alist@0.0.0~start: Args: [ '-c', 'node ./bin/www' ]
12 silly lifecycle alist@0.0.0~start: Returned: code: 1  signal: null
13 info lifecycle alist@0.0.0~start: Failed to exec start script
14 verbose stack Error: alist@0.0.0 start: `node ./bin/www`
14 verbose stack Exit status 1
<<<<<<< HEAD
14 verbose stack     at EventEmitter.<anonymous> (/usr/lib/node_modules/npm/lib/utils/lifecycle.js:255:16)
14 verbose stack     at emitTwo (events.js:106:13)
14 verbose stack     at EventEmitter.emit (events.js:191:7)
14 verbose stack     at ChildProcess.<anonymous> (/usr/lib/node_modules/npm/lib/utils/spawn.js:40:14)
=======
14 verbose stack     at EventEmitter.<anonymous> (/usr/local/lib/node_modules/npm/lib/utils/lifecycle.js:242:16)
14 verbose stack     at emitTwo (events.js:106:13)
14 verbose stack     at EventEmitter.emit (events.js:191:7)
14 verbose stack     at ChildProcess.<anonymous> (/usr/local/lib/node_modules/npm/lib/utils/spawn.js:40:14)
>>>>>>> 295e415a4c4a8cc73d8f3ca56e749b47965ebe07
14 verbose stack     at emitTwo (events.js:106:13)
14 verbose stack     at ChildProcess.emit (events.js:191:7)
14 verbose stack     at maybeClose (internal/child_process.js:877:16)
14 verbose stack     at Process.ChildProcess._handle.onexit (internal/child_process.js:226:5)
15 verbose pkgid alist@0.0.0
<<<<<<< HEAD
16 verbose cwd /home/dep/www/alist
17 error Linux 3.19.0-25-generic
18 error argv "/usr/bin/nodejs" "/usr/bin/npm" "start"
19 error node v6.9.5
20 error npm  v3.10.10
=======
16 verbose cwd /media/michael/Data/Development/NodeJS/alist
17 error Linux 4.4.0-71-generic
18 error argv "/usr/local/bin/node" "/usr/local/bin/npm" "start"
19 error node v6.6.0
20 error npm  v3.10.3
>>>>>>> 295e415a4c4a8cc73d8f3ca56e749b47965ebe07
21 error code ELIFECYCLE
22 error alist@0.0.0 start: `node ./bin/www`
22 error Exit status 1
23 error Failed at the alist@0.0.0 start script 'node ./bin/www'.
23 error Make sure you have the latest version of node.js and npm installed.
23 error If you do, this is most likely a problem with the alist package,
23 error not with npm itself.
23 error Tell the author that this fails on your system:
23 error     node ./bin/www
23 error You can get information on how to open an issue for this project with:
23 error     npm bugs alist
23 error Or if that isn't available, you can get their info via:
23 error     npm owner ls alist
23 error There is likely additional logging output above.
24 verbose exit [ 1, true ]
